2024-05-24T00:57:30.826+03:00  INFO 6612 --- [CarWashStub] [main] c.e.carwashstub.CarWashStubApplication   : Starting CarWashStubApplication using Java 18.0.1.1 with PID 6612 (C:\Users\79625\IdeaProjects\CarWashStub\target\classes started by 79625 in C:\Users\79625\IdeaProjects\CarWashStub)
2024-05-24T00:57:30.828+03:00  INFO 6612 --- [CarWashStub] [main] c.e.carwashstub.CarWashStubApplication   : No active profile set, falling back to 1 default profile: "default"
2024-05-24T00:57:31.444+03:00  INFO 6612 --- [CarWashStub] [main] o.s.b.w.embedded.tomcat.TomcatWebServer  : Tomcat initialized with port 8080 (http)
2024-05-24T00:57:31.453+03:00  INFO 6612 --- [CarWashStub] [main] o.apache.catalina.core.StandardService   : Starting service [Tomcat]
2024-05-24T00:57:31.454+03:00  INFO 6612 --- [CarWashStub] [main] o.apache.catalina.core.StandardEngine    : Starting Servlet engine: [Apache Tomcat/10.1.24]
2024-05-24T00:57:31.491+03:00  INFO 6612 --- [CarWashStub] [main] o.a.c.c.C.[Tomcat].[localhost].[/]       : Initializing Spring embedded WebApplicationContext
2024-05-24T00:57:31.492+03:00  INFO 6612 --- [CarWashStub] [main] w.s.c.ServletWebServerApplicationContext : Root WebApplicationContext: initialization completed in 626 ms
2024-05-24T00:57:31.746+03:00  WARN 6612 --- [CarWashStub] [main] ConfigServletWebServerApplicationContext : Exception encountered during context initialization - cancelling refresh attempt: org.springframework.context.ApplicationContextException: Failed to start bean 'webServerStartStop'
2024-05-24T00:57:31.758+03:00  INFO 6612 --- [CarWashStub] [main] .s.b.a.l.ConditionEvaluationReportLogger : 

Error starting ApplicationContext. To display the condition evaluation report re-run your application with 'debug' enabled.
2024-05-24T00:57:31.772+03:00 ERROR 6612 --- [CarWashStub] [main] o.s.b.d.LoggingFailureAnalysisReporter   : 

***************************
APPLICATION FAILED TO START
***************************

Description:

Web server failed to start. Port 8080 was already in use.

Action:

Identify and stop the process that's listening on port 8080 or configure this application to listen on another port.

2024-05-24T00:57:52.711+03:00  INFO 11912 --- [CarWashStub] [main] c.e.carwashstub.CarWashStubApplication   : Starting CarWashStubApplication using Java 18.0.1.1 with PID 11912 (C:\Users\79625\IdeaProjects\CarWashStub\target\classes started by 79625 in C:\Users\79625\IdeaProjects\CarWashStub)
2024-05-24T00:57:52.714+03:00  INFO 11912 --- [CarWashStub] [main] c.e.carwashstub.CarWashStubApplication   : No active profile set, falling back to 1 default profile: "default"
2024-05-24T00:57:53.330+03:00  INFO 11912 --- [CarWashStub] [main] o.s.b.w.embedded.tomcat.TomcatWebServer  : Tomcat initialized with port 8080 (http)
2024-05-24T00:57:53.339+03:00  INFO 11912 --- [CarWashStub] [main] o.apache.catalina.core.StandardService   : Starting service [Tomcat]
2024-05-24T00:57:53.339+03:00  INFO 11912 --- [CarWashStub] [main] o.apache.catalina.core.StandardEngine    : Starting Servlet engine: [Apache Tomcat/10.1.24]
2024-05-24T00:57:53.375+03:00  INFO 11912 --- [CarWashStub] [main] o.a.c.c.C.[Tomcat].[localhost].[/]       : Initializing Spring embedded WebApplicationContext
2024-05-24T00:57:53.375+03:00  INFO 11912 --- [CarWashStub] [main] w.s.c.ServletWebServerApplicationContext : Root WebApplicationContext: initialization completed in 622 ms
2024-05-24T00:57:53.617+03:00  WARN 11912 --- [CarWashStub] [main] ConfigServletWebServerApplicationContext : Exception encountered during context initialization - cancelling refresh attempt: org.springframework.context.ApplicationContextException: Failed to start bean 'webServerStartStop'
2024-05-24T00:57:53.627+03:00  INFO 11912 --- [CarWashStub] [main] .s.b.a.l.ConditionEvaluationReportLogger : 

Error starting ApplicationContext. To display the condition evaluation report re-run your application with 'debug' enabled.
2024-05-24T00:57:53.639+03:00 ERROR 11912 --- [CarWashStub] [main] o.s.b.d.LoggingFailureAnalysisReporter   : 

***************************
APPLICATION FAILED TO START
***************************

Description:

Web server failed to start. Port 8080 was already in use.

Action:

Identify and stop the process that's listening on port 8080 or configure this application to listen on another port.

2024-05-24T00:58:34.812+03:00  INFO 14740 --- [CarWashStub] [main] c.e.carwashstub.CarWashStubApplication   : Starting CarWashStubApplication using Java 18.0.1.1 with PID 14740 (C:\Users\79625\IdeaProjects\CarWashStub\target\classes started by 79625 in C:\Users\79625\IdeaProjects\CarWashStub)
2024-05-24T00:58:34.814+03:00  INFO 14740 --- [CarWashStub] [main] c.e.carwashstub.CarWashStubApplication   : No active profile set, falling back to 1 default profile: "default"
2024-05-24T00:58:35.429+03:00  INFO 14740 --- [CarWashStub] [main] o.s.b.w.embedded.tomcat.TomcatWebServer  : Tomcat initialized with port 8081 (http)
2024-05-24T00:58:35.438+03:00  INFO 14740 --- [CarWashStub] [main] o.apache.catalina.core.StandardService   : Starting service [Tomcat]
2024-05-24T00:58:35.438+03:00  INFO 14740 --- [CarWashStub] [main] o.apache.catalina.core.StandardEngine    : Starting Servlet engine: [Apache Tomcat/10.1.24]
2024-05-24T00:58:35.474+03:00  INFO 14740 --- [CarWashStub] [main] o.a.c.c.C.[Tomcat].[localhost].[/]       : Initializing Spring embedded WebApplicationContext
2024-05-24T00:58:35.475+03:00  INFO 14740 --- [CarWashStub] [main] w.s.c.ServletWebServerApplicationContext : Root WebApplicationContext: initialization completed in 626 ms
2024-05-24T00:58:35.718+03:00  INFO 14740 --- [CarWashStub] [main] o.s.b.w.embedded.tomcat.TomcatWebServer  : Tomcat started on port 8081 (http) with context path '/'
2024-05-24T00:58:35.724+03:00  INFO 14740 --- [CarWashStub] [main] c.e.carwashstub.CarWashStubApplication   : Started CarWashStubApplication in 1.243 seconds (process running for 1.651)
2024-05-24T00:58:43.585+03:00  INFO 14740 --- [CarWashStub] [http-nio-8081-exec-1] o.a.c.c.C.[Tomcat].[localhost].[/]       : Initializing Spring DispatcherServlet 'dispatcherServlet'
2024-05-24T00:58:43.585+03:00  INFO 14740 --- [CarWashStub] [http-nio-8081-exec-1] o.s.web.servlet.DispatcherServlet        : Initializing Servlet 'dispatcherServlet'
2024-05-24T00:58:43.586+03:00  INFO 14740 --- [CarWashStub] [http-nio-8081-exec-1] o.s.web.servlet.DispatcherServlet        : Completed initialization in 0 ms
2024-05-24T00:58:43.607+03:00  INFO 14740 --- [CarWashStub] [http-nio-8081-exec-1] com.example.carwashstub.LogController    : Info level - Hello Logback 
2024-05-24T00:59:05.376+03:00  INFO 12656 --- [CarWashStub] [main] c.e.carwashstub.CarWashStubApplication   : Starting CarWashStubApplication using Java 18.0.1.1 with PID 12656 (C:\Users\79625\IdeaProjects\CarWashStub\target\classes started by 79625 in C:\Users\79625\IdeaProjects\CarWashStub)
2024-05-24T00:59:05.378+03:00  INFO 12656 --- [CarWashStub] [main] c.e.carwashstub.CarWashStubApplication   : No active profile set, falling back to 1 default profile: "default"
2024-05-24T00:59:06.039+03:00  INFO 12656 --- [CarWashStub] [main] o.s.b.w.embedded.tomcat.TomcatWebServer  : Tomcat initialized with port 8081 (http)
2024-05-24T00:59:06.049+03:00  INFO 12656 --- [CarWashStub] [main] o.apache.catalina.core.StandardService   : Starting service [Tomcat]
2024-05-24T00:59:06.050+03:00  INFO 12656 --- [CarWashStub] [main] o.apache.catalina.core.StandardEngine    : Starting Servlet engine: [Apache Tomcat/10.1.24]
2024-05-24T00:59:06.087+03:00  INFO 12656 --- [CarWashStub] [main] o.a.c.c.C.[Tomcat].[localhost].[/]       : Initializing Spring embedded WebApplicationContext
2024-05-24T00:59:06.087+03:00  INFO 12656 --- [CarWashStub] [main] w.s.c.ServletWebServerApplicationContext : Root WebApplicationContext: initialization completed in 676 ms
2024-05-24T00:59:06.352+03:00  INFO 12656 --- [CarWashStub] [main] o.s.b.w.embedded.tomcat.TomcatWebServer  : Tomcat started on port 8081 (http) with context path '/'
2024-05-24T00:59:06.359+03:00  INFO 12656 --- [CarWashStub] [main] c.e.carwashstub.CarWashStubApplication   : Started CarWashStubApplication in 1.326 seconds (process running for 1.746)
2024-05-24T00:59:10.733+03:00  INFO 12656 --- [CarWashStub] [http-nio-8081-exec-1] o.a.c.c.C.[Tomcat].[localhost].[/]       : Initializing Spring DispatcherServlet 'dispatcherServlet'
2024-05-24T00:59:10.734+03:00  INFO 12656 --- [CarWashStub] [http-nio-8081-exec-1] o.s.web.servlet.DispatcherServlet        : Initializing Servlet 'dispatcherServlet'
2024-05-24T00:59:10.734+03:00  INFO 12656 --- [CarWashStub] [http-nio-8081-exec-1] o.s.web.servlet.DispatcherServlet        : Completed initialization in 0 ms
2024-05-24T00:59:10.757+03:00  INFO 12656 --- [CarWashStub] [http-nio-8081-exec-1] com.example.carwashstub.LogController    : Info level 
2024-05-24T00:59:11.723+03:00  INFO 12656 --- [CarWashStub] [http-nio-8081-exec-3] com.example.carwashstub.LogController    : Info level 
2024-05-24T00:59:12.391+03:00  INFO 12656 --- [CarWashStub] [http-nio-8081-exec-5] com.example.carwashstub.LogController    : Info level 
2024-05-24T01:07:48.689+03:00  INFO 1248 --- [CarWashStub] [main] c.e.carwashstub.CarWashStubApplication   : Starting CarWashStubApplication using Java 18.0.1.1 with PID 1248 (C:\Users\79625\IdeaProjects\CarWashStub\target\classes started by 79625 in C:\Users\79625\IdeaProjects\CarWashStub)
2024-05-24T01:07:48.690+03:00  INFO 1248 --- [CarWashStub] [main] c.e.carwashstub.CarWashStubApplication   : No active profile set, falling back to 1 default profile: "default"
2024-05-24T01:07:49.322+03:00  INFO 1248 --- [CarWashStub] [main] o.s.b.w.embedded.tomcat.TomcatWebServer  : Tomcat initialized with port 8081 (http)
2024-05-24T01:07:49.333+03:00  INFO 1248 --- [CarWashStub] [main] o.apache.catalina.core.StandardService   : Starting service [Tomcat]
2024-05-24T01:07:49.334+03:00  INFO 1248 --- [CarWashStub] [main] o.apache.catalina.core.StandardEngine    : Starting Servlet engine: [Apache Tomcat/10.1.24]
2024-05-24T01:07:49.373+03:00  INFO 1248 --- [CarWashStub] [main] o.a.c.c.C.[Tomcat].[localhost].[/]       : Initializing Spring embedded WebApplicationContext
2024-05-24T01:07:49.373+03:00  INFO 1248 --- [CarWashStub] [main] w.s.c.ServletWebServerApplicationContext : Root WebApplicationContext: initialization completed in 648 ms
2024-05-24T01:07:49.628+03:00  INFO 1248 --- [CarWashStub] [main] o.s.b.w.embedded.tomcat.TomcatWebServer  : Tomcat started on port 8081 (http) with context path '/'
2024-05-24T01:07:49.635+03:00  INFO 1248 --- [CarWashStub] [main] c.e.carwashstub.CarWashStubApplication   : Started CarWashStubApplication in 1.285 seconds (process running for 1.695)
2024-05-24T01:07:55.606+03:00  INFO 1248 --- [CarWashStub] [http-nio-8081-exec-1] o.a.c.c.C.[Tomcat].[localhost].[/]       : Initializing Spring DispatcherServlet 'dispatcherServlet'
2024-05-24T01:07:55.607+03:00  INFO 1248 --- [CarWashStub] [http-nio-8081-exec-1] o.s.web.servlet.DispatcherServlet        : Initializing Servlet 'dispatcherServlet'
2024-05-24T01:07:55.607+03:00  INFO 1248 --- [CarWashStub] [http-nio-8081-exec-1] o.s.web.servlet.DispatcherServlet        : Completed initialization in 0 ms
2024-05-24T01:07:55.628+03:00  INFO 1248 --- [CarWashStub] [http-nio-8081-exec-1] com.example.carwashstub.LogController    : Info level
2024-05-24T01:07:58.431+03:00  INFO 1248 --- [CarWashStub] [http-nio-8081-exec-5] com.example.carwashstub.LogController    : Info level
2024-05-24T01:09:34.183+03:00  INFO 6204 --- [CarWashStub] [main] c.e.carwashstub.CarWashStubApplication   : Starting CarWashStubApplication using Java 18.0.1.1 with PID 6204 (C:\Users\79625\IdeaProjects\CarWashStub\target\classes started by 79625 in C:\Users\79625\IdeaProjects\CarWashStub)
2024-05-24T01:09:34.184+03:00  INFO 6204 --- [CarWashStub] [main] c.e.carwashstub.CarWashStubApplication   : No active profile set, falling back to 1 default profile: "default"
2024-05-24T01:09:34.810+03:00  INFO 6204 --- [CarWashStub] [main] o.s.b.w.embedded.tomcat.TomcatWebServer  : Tomcat initialized with port 8081 (http)
2024-05-24T01:09:34.819+03:00  INFO 6204 --- [CarWashStub] [main] o.apache.catalina.core.StandardService   : Starting service [Tomcat]
2024-05-24T01:09:34.819+03:00  INFO 6204 --- [CarWashStub] [main] o.apache.catalina.core.StandardEngine    : Starting Servlet engine: [Apache Tomcat/10.1.24]
2024-05-24T01:09:34.854+03:00  INFO 6204 --- [CarWashStub] [main] o.a.c.c.C.[Tomcat].[localhost].[/]       : Initializing Spring embedded WebApplicationContext
2024-05-24T01:09:34.855+03:00  INFO 6204 --- [CarWashStub] [main] w.s.c.ServletWebServerApplicationContext : Root WebApplicationContext: initialization completed in 635 ms
2024-05-24T01:09:35.105+03:00  INFO 6204 --- [CarWashStub] [main] o.s.b.w.embedded.tomcat.TomcatWebServer  : Tomcat started on port 8081 (http) with context path '/'
2024-05-24T01:09:35.111+03:00  INFO 6204 --- [CarWashStub] [main] c.e.carwashstub.CarWashStubApplication   : Started CarWashStubApplication in 1.249 seconds (process running for 1.655)
2024-05-24T01:09:41.939+03:00  INFO 6204 --- [CarWashStub] [http-nio-8081-exec-3] o.a.c.c.C.[Tomcat].[localhost].[/]       : Initializing Spring DispatcherServlet 'dispatcherServlet'
2024-05-24T01:09:41.940+03:00  INFO 6204 --- [CarWashStub] [http-nio-8081-exec-3] o.s.web.servlet.DispatcherServlet        : Initializing Servlet 'dispatcherServlet'
2024-05-24T01:09:41.941+03:00  INFO 6204 --- [CarWashStub] [http-nio-8081-exec-3] o.s.web.servlet.DispatcherServlet        : Completed initialization in 1 ms
2024-05-24T01:09:41.962+03:00  INFO 6204 --- [CarWashStub] [http-nio-8081-exec-3] com.example.carwashstub.LogController    : Info level
2024-05-24T01:09:42.964+03:00  INFO 6204 --- [CarWashStub] [http-nio-8081-exec-6] com.example.carwashstub.LogController    : Info level
2024-05-24T01:11:28.201+03:00  INFO 22556 --- [CarWashStub] [main] c.e.carwashstub.CarWashStubApplication   : Starting CarWashStubApplication using Java 18.0.1.1 with PID 22556 (C:\Users\79625\IdeaProjects\CarWashStub\target\classes started by 79625 in C:\Users\79625\IdeaProjects\CarWashStub)
2024-05-24T01:11:28.203+03:00  INFO 22556 --- [CarWashStub] [main] c.e.carwashstub.CarWashStubApplication   : No active profile set, falling back to 1 default profile: "default"
2024-05-24T01:11:28.836+03:00  INFO 22556 --- [CarWashStub] [main] o.s.b.w.embedded.tomcat.TomcatWebServer  : Tomcat initialized with port 8081 (http)
2024-05-24T01:11:28.846+03:00  INFO 22556 --- [CarWashStub] [main] o.apache.catalina.core.StandardService   : Starting service [Tomcat]
2024-05-24T01:11:28.846+03:00  INFO 22556 --- [CarWashStub] [main] o.apache.catalina.core.StandardEngine    : Starting Servlet engine: [Apache Tomcat/10.1.24]
2024-05-24T01:11:28.884+03:00  INFO 22556 --- [CarWashStub] [main] o.a.c.c.C.[Tomcat].[localhost].[/]       : Initializing Spring embedded WebApplicationContext
2024-05-24T01:11:28.884+03:00  INFO 22556 --- [CarWashStub] [main] w.s.c.ServletWebServerApplicationContext : Root WebApplicationContext: initialization completed in 645 ms
2024-05-24T01:11:29.133+03:00  INFO 22556 --- [CarWashStub] [main] o.s.b.w.embedded.tomcat.TomcatWebServer  : Tomcat started on port 8081 (http) with context path '/'
2024-05-24T01:11:29.139+03:00  INFO 22556 --- [CarWashStub] [main] c.e.carwashstub.CarWashStubApplication   : Started CarWashStubApplication in 1.267 seconds (process running for 1.671)
2024-05-24T01:11:34.440+03:00  INFO 22556 --- [CarWashStub] [http-nio-8081-exec-3] o.a.c.c.C.[Tomcat].[localhost].[/]       : Initializing Spring DispatcherServlet 'dispatcherServlet'
2024-05-24T01:11:34.440+03:00  INFO 22556 --- [CarWashStub] [http-nio-8081-exec-3] o.s.web.servlet.DispatcherServlet        : Initializing Servlet 'dispatcherServlet'
2024-05-24T01:11:34.441+03:00  INFO 22556 --- [CarWashStub] [http-nio-8081-exec-3] o.s.web.servlet.DispatcherServlet        : Completed initialization in 1 ms
2024-05-24T01:11:34.464+03:00  INFO 22556 --- [CarWashStub] [http-nio-8081-exec-3] com.example.carwashstub.LogController    : Info level
2024-05-24T01:11:34.468+03:00  INFO 22556 --- [CarWashStub] [http-nio-8081-exec-3] MyLog                                    : Log message
2024-05-24T01:11:51.729+03:00  INFO 22556 --- [CarWashStub] [http-nio-8081-exec-2] com.example.carwashstub.LogController    : Info level
2024-05-24T01:11:51.731+03:00  INFO 22556 --- [CarWashStub] [http-nio-8081-exec-2] MyLog                                    : Log message
2024-05-24T01:11:52.330+03:00  INFO 22556 --- [CarWashStub] [http-nio-8081-exec-4] com.example.carwashstub.LogController    : Info level
2024-05-24T01:11:52.332+03:00  INFO 22556 --- [CarWashStub] [http-nio-8081-exec-4] MyLog                                    : Log message
2024-05-24T01:11:52.925+03:00  INFO 22556 --- [CarWashStub] [http-nio-8081-exec-5] com.example.carwashstub.LogController    : Info level
2024-05-24T01:11:52.927+03:00  INFO 22556 --- [CarWashStub] [http-nio-8081-exec-5] MyLog                                    : Log message
2024-05-24T01:13:42.313+03:00  INFO 10820 --- [CarWashStub] [main] c.e.carwashstub.CarWashStubApplication   : Starting CarWashStubApplication using Java 18.0.1.1 with PID 10820 (C:\Users\79625\IdeaProjects\CarWashStub\target\classes started by 79625 in C:\Users\79625\IdeaProjects\CarWashStub)
2024-05-24T01:13:42.314+03:00  INFO 10820 --- [CarWashStub] [main] c.e.carwashstub.CarWashStubApplication   : No active profile set, falling back to 1 default profile: "default"
2024-05-24T01:13:42.934+03:00  INFO 10820 --- [CarWashStub] [main] o.s.b.w.embedded.tomcat.TomcatWebServer  : Tomcat initialized with port 8081 (http)
2024-05-24T01:13:42.943+03:00  INFO 10820 --- [CarWashStub] [main] o.apache.catalina.core.StandardService   : Starting service [Tomcat]
2024-05-24T01:13:42.943+03:00  INFO 10820 --- [CarWashStub] [main] o.apache.catalina.core.StandardEngine    : Starting Servlet engine: [Apache Tomcat/10.1.24]
2024-05-24T01:13:42.982+03:00  INFO 10820 --- [CarWashStub] [main] o.a.c.c.C.[Tomcat].[localhost].[/]       : Initializing Spring embedded WebApplicationContext
2024-05-24T01:13:42.982+03:00  INFO 10820 --- [CarWashStub] [main] w.s.c.ServletWebServerApplicationContext : Root WebApplicationContext: initialization completed in 634 ms
2024-05-24T01:13:43.241+03:00  INFO 10820 --- [CarWashStub] [main] o.s.b.w.embedded.tomcat.TomcatWebServer  : Tomcat started on port 8081 (http) with context path '/'
2024-05-24T01:13:43.247+03:00  INFO 10820 --- [CarWashStub] [main] c.e.carwashstub.CarWashStubApplication   : Started CarWashStubApplication in 1.26 seconds (process running for 1.661)
2024-05-24T01:13:53.130+03:00  INFO 10820 --- [CarWashStub] [http-nio-8081-exec-1] o.a.c.c.C.[Tomcat].[localhost].[/]       : Initializing Spring DispatcherServlet 'dispatcherServlet'
2024-05-24T01:13:53.130+03:00  INFO 10820 --- [CarWashStub] [http-nio-8081-exec-1] o.s.web.servlet.DispatcherServlet        : Initializing Servlet 'dispatcherServlet'
2024-05-24T01:13:53.131+03:00  INFO 10820 --- [CarWashStub] [http-nio-8081-exec-1] o.s.web.servlet.DispatcherServlet        : Completed initialization in 1 ms
2024-05-24T01:13:53.152+03:00  INFO 10820 --- [CarWashStub] [http-nio-8081-exec-1] com.example.carwashstub.LogController    : Info level
2024-05-24T01:13:53.157+03:00  INFO 10820 --- [CarWashStub] [http-nio-8081-exec-1] MyLog                                    : Log message
2024-05-24T01:38:21.488+03:00  INFO 17588 --- [CarWashStub] [main] c.e.carwashstub.CarWashStubApplication   : Starting CarWashStubApplication using Java 18.0.1.1 with PID 17588 (C:\Users\79625\IdeaProjects\CarWashStub\target\classes started by 79625 in C:\Users\79625\IdeaProjects\CarWashStub)
2024-05-24T01:38:21.491+03:00  INFO 17588 --- [CarWashStub] [main] c.e.carwashstub.CarWashStubApplication   : No active profile set, falling back to 1 default profile: "default"
2024-05-24T01:38:22.116+03:00  INFO 17588 --- [CarWashStub] [main] o.s.b.w.embedded.tomcat.TomcatWebServer  : Tomcat initialized with port 8081 (http)
2024-05-24T01:38:22.126+03:00  INFO 17588 --- [CarWashStub] [main] o.apache.catalina.core.StandardService   : Starting service [Tomcat]
2024-05-24T01:38:22.126+03:00  INFO 17588 --- [CarWashStub] [main] o.apache.catalina.core.StandardEngine    : Starting Servlet engine: [Apache Tomcat/10.1.24]
2024-05-24T01:38:22.163+03:00  INFO 17588 --- [CarWashStub] [main] o.a.c.c.C.[Tomcat].[localhost].[/]       : Initializing Spring embedded WebApplicationContext
2024-05-24T01:38:22.163+03:00  INFO 17588 --- [CarWashStub] [main] w.s.c.ServletWebServerApplicationContext : Root WebApplicationContext: initialization completed in 636 ms
2024-05-24T01:38:22.410+03:00  INFO 17588 --- [CarWashStub] [main] o.s.b.w.embedded.tomcat.TomcatWebServer  : Tomcat started on port 8081 (http) with context path '/'
2024-05-24T01:38:22.417+03:00  INFO 17588 --- [CarWashStub] [main] c.e.carwashstub.CarWashStubApplication   : Started CarWashStubApplication in 1.272 seconds (process running for 1.681)
2024-05-24T01:38:32.030+03:00  INFO 17588 --- [CarWashStub] [http-nio-8081-exec-3] o.a.c.c.C.[Tomcat].[localhost].[/]       : Initializing Spring DispatcherServlet 'dispatcherServlet'
2024-05-24T01:38:32.031+03:00  INFO 17588 --- [CarWashStub] [http-nio-8081-exec-3] o.s.web.servlet.DispatcherServlet        : Initializing Servlet 'dispatcherServlet'
2024-05-24T01:38:32.031+03:00  INFO 17588 --- [CarWashStub] [http-nio-8081-exec-3] o.s.web.servlet.DispatcherServlet        : Completed initialization in 0 ms
2024-05-24T01:38:32.053+03:00  INFO 17588 --- [CarWashStub] [http-nio-8081-exec-3] com.example.carwashstub.LogController    : Info level
2024-05-24T01:38:46.281+03:00  INFO 17588 --- [CarWashStub] [http-nio-8081-exec-9] com.example.carwashstub.LogController    : Info level
2024-05-24T01:46:07.236+03:00  INFO 17588 --- [CarWashStub] [http-nio-8081-exec-6] com.example.carwashstub.LogController    : Info level
2024-05-24T01:46:17.371+03:00  INFO 17588 --- [CarWashStub] [http-nio-8081-exec-8] com.example.carwashstub.LogController    : Info level
